\BOOKMARK [0][-]{chapter.1}{Introduction}{}% 1
\BOOKMARK [1][-]{section.1.1}{Problem}{chapter.1}% 2
\BOOKMARK [1][-]{section.1.2}{Research Question}{chapter.1}% 3
\BOOKMARK [1][-]{section.1.3}{Ethics and Sustainability}{chapter.1}% 4
\BOOKMARK [1][-]{section.1.4}{Outline}{chapter.1}% 5
\BOOKMARK [0][-]{chapter.2}{Background}{}% 6
\BOOKMARK [1][-]{section.2.1}{Fluid Dynamics}{chapter.2}% 7
\BOOKMARK [2][-]{subsection.2.1.1}{Laminar and Turbulent flow}{section.2.1}% 8
\BOOKMARK [2][-]{subsection.2.1.2}{The Boundary Layer}{section.2.1}% 9
\BOOKMARK [1][-]{section.2.2}{The Atmospheric Boundary Layer}{chapter.2}% 10
\BOOKMARK [2][-]{subsection.2.2.1}{Surface Fluxes}{section.2.2}% 11
\BOOKMARK [2][-]{subsection.2.2.2}{The Turbulence Kinetic Energy Budged}{section.2.2}% 12
\BOOKMARK [2][-]{subsection.2.2.3}{Monin-Obukhov Similarity Theory}{section.2.2}% 13
\BOOKMARK [1][-]{section.2.3}{Machine Learning}{chapter.2}% 14
\BOOKMARK [2][-]{subsection.2.3.1}{Learning Theory}{section.2.3}% 15
\BOOKMARK [2][-]{subsection.2.3.2}{Parameter Estimation for Regression}{section.2.3}% 16
\BOOKMARK [2][-]{subsection.2.3.3}{Models}{section.2.3}% 17
\BOOKMARK [0][-]{chapter.3}{Method}{}% 18
\BOOKMARK [1][-]{section.3.1}{Data Collection}{chapter.3}% 19
\BOOKMARK [2][-]{subsection.3.1.1}{Wind Measurement}{section.3.1}% 20
\BOOKMARK [2][-]{subsection.3.1.2}{Air Temperature Measurement}{section.3.1}% 21
\BOOKMARK [2][-]{subsection.3.1.3}{Eddy Correlation}{section.3.1}% 22
\BOOKMARK [2][-]{subsection.3.1.4}{Gap Filling}{section.3.1}% 23
\BOOKMARK [1][-]{section.3.2}{Monin-Obukhov Similarity Theory}{chapter.3}% 24
\BOOKMARK [2][-]{subsection.3.2.1}{Profile Computation}{section.3.2}% 25
\BOOKMARK [2][-]{subsection.3.2.2}{Model Fitting}{section.3.2}% 26
\BOOKMARK [0][-]{chapter.4}{Results}{}% 27
\BOOKMARK [0][-]{chapter.5}{Discussion}{}% 28
\BOOKMARK [1][-]{section.5.1}{Limitations and Future Work}{chapter.5}% 29
